[2024-09-21 07:41:14] INFO: Cinema Hall added {"cinemaId":"19","hall name":"H02","capacity":"48","hall type":"Atmos"}
[2024-09-21 08:00:29] INFO: Movie added {"movie id":null,"movie title":"A Minecraft Movie","trailer link":null,"duration":"120","category":"Game","release date":"2025-04-04","status":"Coming Soon"}
[2024-09-21 08:09:31] INFO: Movie added {"movie title":"A Minecraft Movie","duration":"120","category":"game,imagination,fantasy","release date":"2025-04-04","status":"Coming Soon"}
[2024-09-21 08:12:40] INFO: Ticket pricing updated {"ticket price":{"baseTicketIMAX":"18","baseTicketDeluxe":"25","baseTicketAtmos":"45","baseTicketBenie":"75"}}
[2024-09-21 08:13:30] INFO: CinemaHall added {"cinemaId":"19","hall name":"H03","capacity":"108","hall type":"Deluxe"}
[2024-09-21 09:06:12] ERROR: Failed to remove CinemaHall {"hall id":"28","error":"An exception occurred while executing a query: SQLSTATE[23000]: Integrity constraint violation: 1217 Cannot delete or update a parent row: a foreign key constraint fails"}
[2024-09-21 09:08:26] ERROR: Failed to remove CinemaHall {"hall id":"28","error":"An exception occurred while executing a query: SQLSTATE[23000]: Integrity constraint violation: 1217 Cannot delete or update a parent row: a foreign key constraint fails"}
[2024-09-21 09:14:30] INFO: CinemaHall added {"cinemaId":"4","hall name":"H06","capacity":"48","hall type":"IMAX"}
[2024-09-21 09:14:39] INFO: CinemaHall removed {"hall id":"39","hall name":"H06","cinema id":4}
[2024-09-21 09:19:46] INFO: Cinema updated {"cinemaId":"19","updatedFields":["cinemaId","name","address","city","state","openingHours"]}
[2024-09-21 09:19:57] INFO: CinemaHall added {"cinemaId":"19","hall name":"H04","capacity":"108","hall type":"IMAX"}
[2024-09-21 09:21:02] INFO: MovieSchedule added {"movie id":"1","cinema hall id":"40","starting time":"2024-09-21T19:20"}
[2024-09-21 09:21:20] INFO: CinemaHall updated {"hall id":40,"hall name":null,"capacity":60,"hall type":null}
[2024-09-21 09:22:06] INFO: CinemaHall updated {"hall id":40,"hall name":null,"capacity":108,"hall type":null}
[2024-09-21 09:22:49] INFO: CinemaHall updated {"hall id":40,"hall name":null,"capacity":60,"hall type":null}
[2024-09-21 09:23:26] INFO: CinemaHall updated {"hall id":40,"hall name":null,"capacity":null,"hall type":"DELUXE"}
[2024-09-21 09:24:24] INFO: CinemaHall updated {"hall id":40,"hall name":null,"capacity":108,"hall type":null}
[2024-09-21 09:26:34] INFO: CinemaHall updated {"hall id":40}
[2024-09-21 09:27:09] INFO: MovieSchedule added {"movie id":"3","cinema hall id":"40","starting time":"2024-09-21T16:30"}
[2024-09-21 09:31:02] INFO: Movie updated {"movie title":"Inside Out 2","duration":"97","category":"Animation, Family, Adventure, Comedy","release date":"2024-06-11","status":null}
[2024-09-21 09:42:46] INFO: Movie updated {"movie title":"Borderlands"}
[2024-09-21 09:56:58] INFO: Cinema removed {"cinema id":"25","cinema name":"testst2"}
[2024-09-21 09:59:38] INFO: Cinema removed {"cinema id":"23","cinema name":"test log"}
[2024-09-21 09:59:48] INFO: Cinema removed {"cinema id":"24","cinema name":"test logg"}
[2024-09-21 10:00:02] INFO: Cinema removed {"cinema id":"22","cinema name":"testingngg"}
[2024-09-21 10:00:10] INFO: Cinema removed {"cinema id":"21","cinema name":"Test facade"}
[2024-09-21 10:02:56] INFO: Movie added {"movie title":"tetesst","duration":"123","category":"test","release date":"2024-09-20","status":"Now Showing"}
[2024-09-21 10:04:16] INFO: Movie updated {"movie title":"Twilight of the Warriors: Walled In"}
[2024-09-21 11:49:47] INFO: MovieSchedule added {"movie id":"15","cinema hall id":"6","starting time":"2024-09-21T19:49"}
[2024-09-21 11:50:09] INFO: MovieSchedule added {"movie id":"15","cinema hall id":"6","starting time":"2024-09-21T23:55"}
[2024-09-21 12:23:56] INFO: MovieSchedule updated {"schedule id":"103","new starting time":"2024-09-21 19:50:00"}
[2024-09-21 12:25:46] INFO: MovieSchedule removed {"schedule id":"104","movie id":15,"cinema hall id":6}
[2024-09-21 12:30:52] INFO: MovieSchedule added {"movie id":"15","cinema hall id":"6","starting time":"2024-09-21T23:30"}
[2024-09-21 12:31:43] INFO: MovieSchedule updated {"schedule id":"89","new starting time":"2024-09-25 15:45:00"}
